<?xml version="1.0" encoding="UTF-8"?>
<testng-results ignored="0" total="1" passed="1" failed="0" skipped="0">
  <reporter-output>
  </reporter-output>
  <suite started-at="2021-09-04T12:51:33Z" name="Default suite" finished-at="2021-09-04T12:51:36Z" duration-ms="3053">
    <groups>
    </groups>
    <test started-at="2021-09-04T12:51:33Z" name="Default test" finished-at="2021-09-04T12:51:36Z" duration-ms="3053">
      <class name="NewTest">
        <test-method signature="f()[pri:0, instance:NewTest@662706a7]" started-at="2021-09-04T08:51:33Z" name="f" finished-at="2021-09-04T08:51:36Z" duration-ms="3038" status="PASS">
          <reporter-output>
          </reporter-output>
        </test-method> <!-- f -->
      </class> <!-- NewTest -->
    </test> <!-- Default test -->
  </suite> <!-- Default suite -->
</testng-results>
